<?xml version="1.0" encoding="UTF-8"?>
<!-- Generated by org.testng.reporters.JUnitReportReporter -->
<testsuite hostname="DESKTOP-QTJC8A9" failures="0" tests="1" name="com.java.NuevaTest" time="8.710" errors="0" timestamp="09 feb. 2022 01:57:10 GMT" skipped="0">
  <testcase classname="com.java.NuevaTest" name="googleTest" time="8.710"/>
</testsuite> <!-- com.java.NuevaTest -->
